The system is: Linux - 3.1.0-rc4+ - x86_64
Compiling the C compiler identification source file "CMakeCCompilerId.c" succeeded.
Compiler: /usr/bin/gcc 
Build flags: 
Id flags: 

The output was:
0


Compilation of the C compiler identification source "CMakeCCompilerId.c" produced "a.out"

The C compiler identification is GNU, found in "/home/romain/Dev/akonadi/redmine/build/CMakeFiles/CompilerIdC/a.out"

Compiling the CXX compiler identification source file "CMakeCXXCompilerId.cpp" succeeded.
Compiler: /usr/bin/c++ 
Build flags: 
Id flags: 

The output was:
0


Compilation of the CXX compiler identification source "CMakeCXXCompilerId.cpp" produced "a.out"

The CXX compiler identification is GNU, found in "/home/romain/Dev/akonadi/redmine/build/CMakeFiles/CompilerIdCXX/a.out"

Determining if the C compiler works passed with the following output:
Change Dir: /home/romain/Dev/akonadi/redmine/build/CMakeFiles/CMakeTmp

Run Build Command:/usr/bin/make "cmTryCompileExec/fast"
/usr/bin/make -f CMakeFiles/cmTryCompileExec.dir/build.make CMakeFiles/cmTryCompileExec.dir/build
make[1]: Entering directory `/home/romain/Dev/akonadi/redmine/build/CMakeFiles/CMakeTmp'
/usr/bin/cmake -E cmake_progress_report /home/romain/Dev/akonadi/redmine/build/CMakeFiles/CMakeTmp/CMakeFiles 1
Building C object CMakeFiles/cmTryCompileExec.dir/testCCompiler.c.o
/usr/bin/gcc    -o CMakeFiles/cmTryCompileExec.dir/testCCompiler.c.o   -c /home/romain/Dev/akonadi/redmine/build/CMakeFiles/CMakeTmp/testCCompiler.c
Linking C executable cmTryCompileExec
/usr/bin/cmake -E cmake_link_script CMakeFiles/cmTryCompileExec.dir/link.txt --verbose=1
/usr/bin/gcc         CMakeFiles/cmTryCompileExec.dir/testCCompiler.c.o  -o cmTryCompileExec -rdynamic 
make[1]: Leaving directory `/home/romain/Dev/akonadi/redmine/build/CMakeFiles/CMakeTmp'


Detecting C compiler ABI info compiled with the following output:
Change Dir: /home/romain/Dev/akonadi/redmine/build/CMakeFiles/CMakeTmp

Run Build Command:/usr/bin/make "cmTryCompileExec/fast"
/usr/bin/make -f CMakeFiles/cmTryCompileExec.dir/build.make CMakeFiles/cmTryCompileExec.dir/build
make[1]: Entering directory `/home/romain/Dev/akonadi/redmine/build/CMakeFiles/CMakeTmp'
/usr/bin/cmake -E cmake_progress_report /home/romain/Dev/akonadi/redmine/build/CMakeFiles/CMakeTmp/CMakeFiles 1
Building C object CMakeFiles/cmTryCompileExec.dir/CMakeCCompilerABI.c.o
/usr/bin/gcc    -o CMakeFiles/cmTryCompileExec.dir/CMakeCCompilerABI.c.o   -c /usr/share/cmake/Modules/CMakeCCompilerABI.c
Linking C executable cmTryCompileExec
/usr/bin/cmake -E cmake_link_script CMakeFiles/cmTryCompileExec.dir/link.txt --verbose=1
/usr/bin/gcc       -v CMakeFiles/cmTryCompileExec.dir/CMakeCCompilerABI.c.o  -o cmTryCompileExec -rdynamic  
Utilisation des specs internes.
COLLECT_GCC=/usr/bin/gcc
COLLECT_LTO_WRAPPER=/usr/libexec/gcc/x86_64-pc-linux-gnu/4.6.1/lto-wrapper
Target: x86_64-pc-linux-gnu
Configuré avec: /var/tmp/paludis/build/sys-devel-gcc-4.6.1-r1/work/gcc-4.6.1/configure --prefix=/usr --host=x86_64-pc-linux-gnu --build=x86_64-pc-linux-gnu --mandir=/usr/share/man --infodir=/usr/share/info --datadir=/usr/share --docdir=/usr/share/doc/gcc-4.6.1-r1 --sysconfdir=/etc --localstatedir=/var/lib --disable-dependency-tracking --disable-silent-rules --enable-fast-install --libdir=/usr/lib64 --disable-multilib --enable-clocale=gnu --enable-languages=c++ --enable-libstdcxx-pch=yes --enable-nls --program-suffix=-4.6 --with-pkgversion='Exherbo gcc-4.6.1-r1' --with-cloog --with-ppl --with-system-zlib --enable-cloog-backend=ppl-legacy --with-libelf --disable-libssp
Modèle de thread: posix
gcc version 4.6.1 (Exherbo gcc-4.6.1-r1) 
COMPILER_PATH=/usr/libexec/gcc/x86_64-pc-linux-gnu/4.6.1/:/usr/libexec/gcc/x86_64-pc-linux-gnu/4.6.1/:/usr/libexec/gcc/x86_64-pc-linux-gnu/:/usr/lib64/gcc/x86_64-pc-linux-gnu/4.6.1/:/usr/lib64/gcc/x86_64-pc-linux-gnu/:/usr/lib64/gcc/x86_64-pc-linux-gnu/4.6.1/../../../../x86_64-pc-linux-gnu/bin/
LIBRARY_PATH=/usr/lib64/gcc/x86_64-pc-linux-gnu/4.6.1/:/usr/lib64/gcc/x86_64-pc-linux-gnu/4.6.1/../../../../lib64/:/lib/../lib64/:/usr/lib/../lib64/:/usr/lib64/gcc/x86_64-pc-linux-gnu/4.6.1/../../../../x86_64-pc-linux-gnu/lib/:/usr/lib64/gcc/x86_64-pc-linux-gnu/4.6.1/../../../:/lib/:/usr/lib/
COLLECT_GCC_OPTIONS='-v' '-o' 'cmTryCompileExec' '-rdynamic' '-mtune=generic' '-march=x86-64'
 /usr/libexec/gcc/x86_64-pc-linux-gnu/4.6.1/collect2 --eh-frame-hdr -m elf_x86_64 -export-dynamic -dynamic-linker /lib64/ld-linux-x86-64.so.2 -o cmTryCompileExec /usr/lib64/gcc/x86_64-pc-linux-gnu/4.6.1/../../../../lib64/crt1.o /usr/lib64/gcc/x86_64-pc-linux-gnu/4.6.1/../../../../lib64/crti.o /usr/lib64/gcc/x86_64-pc-linux-gnu/4.6.1/crtbegin.o -L/usr/lib64/gcc/x86_64-pc-linux-gnu/4.6.1 -L/usr/lib64/gcc/x86_64-pc-linux-gnu/4.6.1/../../../../lib64 -L/lib/../lib64 -L/usr/lib/../lib64 -L/usr/lib64/gcc/x86_64-pc-linux-gnu/4.6.1/../../../../x86_64-pc-linux-gnu/lib -L/usr/lib64/gcc/x86_64-pc-linux-gnu/4.6.1/../../.. CMakeFiles/cmTryCompileExec.dir/CMakeCCompilerABI.c.o -lgcc --as-needed -lgcc_s --no-as-needed -lc -lgcc --as-needed -lgcc_s --no-as-needed /usr/lib64/gcc/x86_64-pc-linux-gnu/4.6.1/crtend.o /usr/lib64/gcc/x86_64-pc-linux-gnu/4.6.1/../../../../lib64/crtn.o
make[1]: Leaving directory `/home/romain/Dev/akonadi/redmine/build/CMakeFiles/CMakeTmp'


Parsed C implicit link information from above output:
  link line regex: [^( *|.*[/\])(ld|ld|collect2)[^/\]*( |$)]
  ignore line: [Change Dir: /home/romain/Dev/akonadi/redmine/build/CMakeFiles/CMakeTmp]
  ignore line: []
  ignore line: [Run Build Command:/usr/bin/make "cmTryCompileExec/fast"]
  ignore line: [/usr/bin/make -f CMakeFiles/cmTryCompileExec.dir/build.make CMakeFiles/cmTryCompileExec.dir/build]
  ignore line: [make[1]: Entering directory `/home/romain/Dev/akonadi/redmine/build/CMakeFiles/CMakeTmp']
  ignore line: [/usr/bin/cmake -E cmake_progress_report /home/romain/Dev/akonadi/redmine/build/CMakeFiles/CMakeTmp/CMakeFiles 1]
  ignore line: [Building C object CMakeFiles/cmTryCompileExec.dir/CMakeCCompilerABI.c.o]
  ignore line: [/usr/bin/gcc    -o CMakeFiles/cmTryCompileExec.dir/CMakeCCompilerABI.c.o   -c /usr/share/cmake/Modules/CMakeCCompilerABI.c]
  ignore line: [Linking C executable cmTryCompileExec]
  ignore line: [/usr/bin/cmake -E cmake_link_script CMakeFiles/cmTryCompileExec.dir/link.txt --verbose=1]
  ignore line: [/usr/bin/gcc       -v CMakeFiles/cmTryCompileExec.dir/CMakeCCompilerABI.c.o  -o cmTryCompileExec -rdynamic  ]
  ignore line: [Utilisation des specs internes.]
  ignore line: [COLLECT_GCC=/usr/bin/gcc]
  ignore line: [COLLECT_LTO_WRAPPER=/usr/libexec/gcc/x86_64-pc-linux-gnu/4.6.1/lto-wrapper]
  ignore line: [Target: x86_64-pc-linux-gnu]
  ignore line: [Configuré avec: /var/tmp/paludis/build/sys-devel-gcc-4.6.1-r1/work/gcc-4.6.1/configure --prefix=/usr --host=x86_64-pc-linux-gnu --build=x86_64-pc-linux-gnu --mandir=/usr/share/man --infodir=/usr/share/info --datadir=/usr/share --docdir=/usr/share/doc/gcc-4.6.1-r1 --sysconfdir=/etc --localstatedir=/var/lib --disable-dependency-tracking --disable-silent-rules --enable-fast-install --libdir=/usr/lib64 --disable-multilib --enable-clocale=gnu --enable-languages=c++ --enable-libstdcxx-pch=yes --enable-nls --program-suffix=-4.6 --with-pkgversion='Exherbo gcc-4.6.1-r1' --with-cloog --with-ppl --with-system-zlib --enable-cloog-backend=ppl-legacy --with-libelf --disable-libssp]
  ignore line: [Modèle de thread: posix]
  ignore line: [gcc version 4.6.1 (Exherbo gcc-4.6.1-r1) ]
  ignore line: [COMPILER_PATH=/usr/libexec/gcc/x86_64-pc-linux-gnu/4.6.1/:/usr/libexec/gcc/x86_64-pc-linux-gnu/4.6.1/:/usr/libexec/gcc/x86_64-pc-linux-gnu/:/usr/lib64/gcc/x86_64-pc-linux-gnu/4.6.1/:/usr/lib64/gcc/x86_64-pc-linux-gnu/:/usr/lib64/gcc/x86_64-pc-linux-gnu/4.6.1/../../../../x86_64-pc-linux-gnu/bin/]
  ignore line: [LIBRARY_PATH=/usr/lib64/gcc/x86_64-pc-linux-gnu/4.6.1/:/usr/lib64/gcc/x86_64-pc-linux-gnu/4.6.1/../../../../lib64/:/lib/../lib64/:/usr/lib/../lib64/:/usr/lib64/gcc/x86_64-pc-linux-gnu/4.6.1/../../../../x86_64-pc-linux-gnu/lib/:/usr/lib64/gcc/x86_64-pc-linux-gnu/4.6.1/../../../:/lib/:/usr/lib/]
  ignore line: [COLLECT_GCC_OPTIONS='-v' '-o' 'cmTryCompileExec' '-rdynamic' '-mtune=generic' '-march=x86-64']
  link line: [ /usr/libexec/gcc/x86_64-pc-linux-gnu/4.6.1/collect2 --eh-frame-hdr -m elf_x86_64 -export-dynamic -dynamic-linker /lib64/ld-linux-x86-64.so.2 -o cmTryCompileExec /usr/lib64/gcc/x86_64-pc-linux-gnu/4.6.1/../../../../lib64/crt1.o /usr/lib64/gcc/x86_64-pc-linux-gnu/4.6.1/../../../../lib64/crti.o /usr/lib64/gcc/x86_64-pc-linux-gnu/4.6.1/crtbegin.o -L/usr/lib64/gcc/x86_64-pc-linux-gnu/4.6.1 -L/usr/lib64/gcc/x86_64-pc-linux-gnu/4.6.1/../../../../lib64 -L/lib/../lib64 -L/usr/lib/../lib64 -L/usr/lib64/gcc/x86_64-pc-linux-gnu/4.6.1/../../../../x86_64-pc-linux-gnu/lib -L/usr/lib64/gcc/x86_64-pc-linux-gnu/4.6.1/../../.. CMakeFiles/cmTryCompileExec.dir/CMakeCCompilerABI.c.o -lgcc --as-needed -lgcc_s --no-as-needed -lc -lgcc --as-needed -lgcc_s --no-as-needed /usr/lib64/gcc/x86_64-pc-linux-gnu/4.6.1/crtend.o /usr/lib64/gcc/x86_64-pc-linux-gnu/4.6.1/../../../../lib64/crtn.o]
    arg [/usr/libexec/gcc/x86_64-pc-linux-gnu/4.6.1/collect2] ==> ignore
    arg [--eh-frame-hdr] ==> ignore
    arg [-m] ==> ignore
    arg [elf_x86_64] ==> ignore
    arg [-export-dynamic] ==> ignore
    arg [-dynamic-linker] ==> ignore
    arg [/lib64/ld-linux-x86-64.so.2] ==> ignore
    arg [-o] ==> ignore
    arg [cmTryCompileExec] ==> ignore
    arg [/usr/lib64/gcc/x86_64-pc-linux-gnu/4.6.1/../../../../lib64/crt1.o] ==> ignore
    arg [/usr/lib64/gcc/x86_64-pc-linux-gnu/4.6.1/../../../../lib64/crti.o] ==> ignore
    arg [/usr/lib64/gcc/x86_64-pc-linux-gnu/4.6.1/crtbegin.o] ==> ignore
    arg [-L/usr/lib64/gcc/x86_64-pc-linux-gnu/4.6.1] ==> dir [/usr/lib64/gcc/x86_64-pc-linux-gnu/4.6.1]
    arg [-L/usr/lib64/gcc/x86_64-pc-linux-gnu/4.6.1/../../../../lib64] ==> dir [/usr/lib64/gcc/x86_64-pc-linux-gnu/4.6.1/../../../../lib64]
    arg [-L/lib/../lib64] ==> dir [/lib/../lib64]
    arg [-L/usr/lib/../lib64] ==> dir [/usr/lib/../lib64]
    arg [-L/usr/lib64/gcc/x86_64-pc-linux-gnu/4.6.1/../../../../x86_64-pc-linux-gnu/lib] ==> dir [/usr/lib64/gcc/x86_64-pc-linux-gnu/4.6.1/../../../../x86_64-pc-linux-gnu/lib]
    arg [-L/usr/lib64/gcc/x86_64-pc-linux-gnu/4.6.1/../../..] ==> dir [/usr/lib64/gcc/x86_64-pc-linux-gnu/4.6.1/../../..]
    arg [CMakeFiles/cmTryCompileExec.dir/CMakeCCompilerABI.c.o] ==> ignore
    arg [-lgcc] ==> lib [gcc]
    arg [--as-needed] ==> ignore
    arg [-lgcc_s] ==> lib [gcc_s]
    arg [--no-as-needed] ==> ignore
    arg [-lc] ==> lib [c]
    arg [-lgcc] ==> lib [gcc]
    arg [--as-needed] ==> ignore
    arg [-lgcc_s] ==> lib [gcc_s]
    arg [--no-as-needed] ==> ignore
    arg [/usr/lib64/gcc/x86_64-pc-linux-gnu/4.6.1/crtend.o] ==> ignore
    arg [/usr/lib64/gcc/x86_64-pc-linux-gnu/4.6.1/../../../../lib64/crtn.o] ==> ignore
  remove lib [gcc]
  remove lib [gcc_s]
  remove lib [gcc]
  remove lib [gcc_s]
  collapse dir [/usr/lib64/gcc/x86_64-pc-linux-gnu/4.6.1] ==> [/usr/lib64/gcc/x86_64-pc-linux-gnu/4.6.1]
  collapse dir [/usr/lib64/gcc/x86_64-pc-linux-gnu/4.6.1/../../../../lib64] ==> [/usr/lib64]
  collapse dir [/lib/../lib64] ==> [/lib64]
  collapse dir [/usr/lib/../lib64] ==> [/usr/lib64]
  collapse dir [/usr/lib64/gcc/x86_64-pc-linux-gnu/4.6.1/../../../../x86_64-pc-linux-gnu/lib] ==> [/usr/x86_64-pc-linux-gnu/lib]
  collapse dir [/usr/lib64/gcc/x86_64-pc-linux-gnu/4.6.1/../../..] ==> [/usr/lib64]
  implicit libs: [c]
  implicit dirs: [/usr/lib64/gcc/x86_64-pc-linux-gnu/4.6.1;/usr/lib64;/lib64;/usr/x86_64-pc-linux-gnu/lib]


Determining if the CXX compiler works passed with the following output:
Change Dir: /home/romain/Dev/akonadi/redmine/build/CMakeFiles/CMakeTmp

Run Build Command:/usr/bin/make "cmTryCompileExec/fast"
/usr/bin/make -f CMakeFiles/cmTryCompileExec.dir/build.make CMakeFiles/cmTryCompileExec.dir/build
make[1]: Entering directory `/home/romain/Dev/akonadi/redmine/build/CMakeFiles/CMakeTmp'
/usr/bin/cmake -E cmake_progress_report /home/romain/Dev/akonadi/redmine/build/CMakeFiles/CMakeTmp/CMakeFiles 1
Building CXX object CMakeFiles/cmTryCompileExec.dir/testCXXCompiler.cxx.o
/usr/bin/c++     -o CMakeFiles/cmTryCompileExec.dir/testCXXCompiler.cxx.o -c /home/romain/Dev/akonadi/redmine/build/CMakeFiles/CMakeTmp/testCXXCompiler.cxx
Linking CXX executable cmTryCompileExec
/usr/bin/cmake -E cmake_link_script CMakeFiles/cmTryCompileExec.dir/link.txt --verbose=1
/usr/bin/c++          CMakeFiles/cmTryCompileExec.dir/testCXXCompiler.cxx.o  -o cmTryCompileExec -rdynamic 
make[1]: Leaving directory `/home/romain/Dev/akonadi/redmine/build/CMakeFiles/CMakeTmp'


Detecting CXX compiler ABI info compiled with the following output:
Change Dir: /home/romain/Dev/akonadi/redmine/build/CMakeFiles/CMakeTmp

Run Build Command:/usr/bin/make "cmTryCompileExec/fast"
/usr/bin/make -f CMakeFiles/cmTryCompileExec.dir/build.make CMakeFiles/cmTryCompileExec.dir/build
make[1]: Entering directory `/home/romain/Dev/akonadi/redmine/build/CMakeFiles/CMakeTmp'
/usr/bin/cmake -E cmake_progress_report /home/romain/Dev/akonadi/redmine/build/CMakeFiles/CMakeTmp/CMakeFiles 1
Building CXX object CMakeFiles/cmTryCompileExec.dir/CMakeCXXCompilerABI.cpp.o
/usr/bin/c++     -o CMakeFiles/cmTryCompileExec.dir/CMakeCXXCompilerABI.cpp.o -c /usr/share/cmake/Modules/CMakeCXXCompilerABI.cpp
Linking CXX executable cmTryCompileExec
/usr/bin/cmake -E cmake_link_script CMakeFiles/cmTryCompileExec.dir/link.txt --verbose=1
/usr/bin/c++        -v CMakeFiles/cmTryCompileExec.dir/CMakeCXXCompilerABI.cpp.o  -o cmTryCompileExec -rdynamic  
Utilisation des specs internes.
COLLECT_GCC=/usr/bin/c++
COLLECT_LTO_WRAPPER=/usr/libexec/gcc/x86_64-pc-linux-gnu/4.6.1/lto-wrapper
Target: x86_64-pc-linux-gnu
Configuré avec: /var/tmp/paludis/build/sys-devel-gcc-4.6.1-r1/work/gcc-4.6.1/configure --prefix=/usr --host=x86_64-pc-linux-gnu --build=x86_64-pc-linux-gnu --mandir=/usr/share/man --infodir=/usr/share/info --datadir=/usr/share --docdir=/usr/share/doc/gcc-4.6.1-r1 --sysconfdir=/etc --localstatedir=/var/lib --disable-dependency-tracking --disable-silent-rules --enable-fast-install --libdir=/usr/lib64 --disable-multilib --enable-clocale=gnu --enable-languages=c++ --enable-libstdcxx-pch=yes --enable-nls --program-suffix=-4.6 --with-pkgversion='Exherbo gcc-4.6.1-r1' --with-cloog --with-ppl --with-system-zlib --enable-cloog-backend=ppl-legacy --with-libelf --disable-libssp
Modèle de thread: posix
gcc version 4.6.1 (Exherbo gcc-4.6.1-r1) 
COMPILER_PATH=/usr/libexec/gcc/x86_64-pc-linux-gnu/4.6.1/:/usr/libexec/gcc/x86_64-pc-linux-gnu/4.6.1/:/usr/libexec/gcc/x86_64-pc-linux-gnu/:/usr/lib64/gcc/x86_64-pc-linux-gnu/4.6.1/:/usr/lib64/gcc/x86_64-pc-linux-gnu/:/usr/lib64/gcc/x86_64-pc-linux-gnu/4.6.1/../../../../x86_64-pc-linux-gnu/bin/
LIBRARY_PATH=/usr/lib64/gcc/x86_64-pc-linux-gnu/4.6.1/:/usr/lib64/gcc/x86_64-pc-linux-gnu/4.6.1/../../../../lib64/:/lib/../lib64/:/usr/lib/../lib64/:/usr/lib64/gcc/x86_64-pc-linux-gnu/4.6.1/../../../../x86_64-pc-linux-gnu/lib/:/usr/lib64/gcc/x86_64-pc-linux-gnu/4.6.1/../../../:/lib/:/usr/lib/
COLLECT_GCC_OPTIONS='-v' '-o' 'cmTryCompileExec' '-rdynamic' '-shared-libgcc' '-mtune=generic' '-march=x86-64'
 /usr/libexec/gcc/x86_64-pc-linux-gnu/4.6.1/collect2 --eh-frame-hdr -m elf_x86_64 -export-dynamic -dynamic-linker /lib64/ld-linux-x86-64.so.2 -o cmTryCompileExec /usr/lib64/gcc/x86_64-pc-linux-gnu/4.6.1/../../../../lib64/crt1.o /usr/lib64/gcc/x86_64-pc-linux-gnu/4.6.1/../../../../lib64/crti.o /usr/lib64/gcc/x86_64-pc-linux-gnu/4.6.1/crtbegin.o -L/usr/lib64/gcc/x86_64-pc-linux-gnu/4.6.1 -L/usr/lib64/gcc/x86_64-pc-linux-gnu/4.6.1/../../../../lib64 -L/lib/../lib64 -L/usr/lib/../lib64 -L/usr/lib64/gcc/x86_64-pc-linux-gnu/4.6.1/../../../../x86_64-pc-linux-gnu/lib -L/usr/lib64/gcc/x86_64-pc-linux-gnu/4.6.1/../../.. CMakeFiles/cmTryCompileExec.dir/CMakeCXXCompilerABI.cpp.o -lstdc++ -lm -lgcc_s -lgcc -lc -lgcc_s -lgcc /usr/lib64/gcc/x86_64-pc-linux-gnu/4.6.1/crtend.o /usr/lib64/gcc/x86_64-pc-linux-gnu/4.6.1/../../../../lib64/crtn.o
make[1]: Leaving directory `/home/romain/Dev/akonadi/redmine/build/CMakeFiles/CMakeTmp'


Parsed CXX implicit link information from above output:
  link line regex: [^( *|.*[/\])(ld|ld|collect2)[^/\]*( |$)]
  ignore line: [Change Dir: /home/romain/Dev/akonadi/redmine/build/CMakeFiles/CMakeTmp]
  ignore line: []
  ignore line: [Run Build Command:/usr/bin/make "cmTryCompileExec/fast"]
  ignore line: [/usr/bin/make -f CMakeFiles/cmTryCompileExec.dir/build.make CMakeFiles/cmTryCompileExec.dir/build]
  ignore line: [make[1]: Entering directory `/home/romain/Dev/akonadi/redmine/build/CMakeFiles/CMakeTmp']
  ignore line: [/usr/bin/cmake -E cmake_progress_report /home/romain/Dev/akonadi/redmine/build/CMakeFiles/CMakeTmp/CMakeFiles 1]
  ignore line: [Building CXX object CMakeFiles/cmTryCompileExec.dir/CMakeCXXCompilerABI.cpp.o]
  ignore line: [/usr/bin/c++     -o CMakeFiles/cmTryCompileExec.dir/CMakeCXXCompilerABI.cpp.o -c /usr/share/cmake/Modules/CMakeCXXCompilerABI.cpp]
  ignore line: [Linking CXX executable cmTryCompileExec]
  ignore line: [/usr/bin/cmake -E cmake_link_script CMakeFiles/cmTryCompileExec.dir/link.txt --verbose=1]
  ignore line: [/usr/bin/c++        -v CMakeFiles/cmTryCompileExec.dir/CMakeCXXCompilerABI.cpp.o  -o cmTryCompileExec -rdynamic  ]
  ignore line: [Utilisation des specs internes.]
  ignore line: [COLLECT_GCC=/usr/bin/c++]
  ignore line: [COLLECT_LTO_WRAPPER=/usr/libexec/gcc/x86_64-pc-linux-gnu/4.6.1/lto-wrapper]
  ignore line: [Target: x86_64-pc-linux-gnu]
  ignore line: [Configuré avec: /var/tmp/paludis/build/sys-devel-gcc-4.6.1-r1/work/gcc-4.6.1/configure --prefix=/usr --host=x86_64-pc-linux-gnu --build=x86_64-pc-linux-gnu --mandir=/usr/share/man --infodir=/usr/share/info --datadir=/usr/share --docdir=/usr/share/doc/gcc-4.6.1-r1 --sysconfdir=/etc --localstatedir=/var/lib --disable-dependency-tracking --disable-silent-rules --enable-fast-install --libdir=/usr/lib64 --disable-multilib --enable-clocale=gnu --enable-languages=c++ --enable-libstdcxx-pch=yes --enable-nls --program-suffix=-4.6 --with-pkgversion='Exherbo gcc-4.6.1-r1' --with-cloog --with-ppl --with-system-zlib --enable-cloog-backend=ppl-legacy --with-libelf --disable-libssp]
  ignore line: [Modèle de thread: posix]
  ignore line: [gcc version 4.6.1 (Exherbo gcc-4.6.1-r1) ]
  ignore line: [COMPILER_PATH=/usr/libexec/gcc/x86_64-pc-linux-gnu/4.6.1/:/usr/libexec/gcc/x86_64-pc-linux-gnu/4.6.1/:/usr/libexec/gcc/x86_64-pc-linux-gnu/:/usr/lib64/gcc/x86_64-pc-linux-gnu/4.6.1/:/usr/lib64/gcc/x86_64-pc-linux-gnu/:/usr/lib64/gcc/x86_64-pc-linux-gnu/4.6.1/../../../../x86_64-pc-linux-gnu/bin/]
  ignore line: [LIBRARY_PATH=/usr/lib64/gcc/x86_64-pc-linux-gnu/4.6.1/:/usr/lib64/gcc/x86_64-pc-linux-gnu/4.6.1/../../../../lib64/:/lib/../lib64/:/usr/lib/../lib64/:/usr/lib64/gcc/x86_64-pc-linux-gnu/4.6.1/../../../../x86_64-pc-linux-gnu/lib/:/usr/lib64/gcc/x86_64-pc-linux-gnu/4.6.1/../../../:/lib/:/usr/lib/]
  ignore line: [COLLECT_GCC_OPTIONS='-v' '-o' 'cmTryCompileExec' '-rdynamic' '-shared-libgcc' '-mtune=generic' '-march=x86-64']
  link line: [ /usr/libexec/gcc/x86_64-pc-linux-gnu/4.6.1/collect2 --eh-frame-hdr -m elf_x86_64 -export-dynamic -dynamic-linker /lib64/ld-linux-x86-64.so.2 -o cmTryCompileExec /usr/lib64/gcc/x86_64-pc-linux-gnu/4.6.1/../../../../lib64/crt1.o /usr/lib64/gcc/x86_64-pc-linux-gnu/4.6.1/../../../../lib64/crti.o /usr/lib64/gcc/x86_64-pc-linux-gnu/4.6.1/crtbegin.o -L/usr/lib64/gcc/x86_64-pc-linux-gnu/4.6.1 -L/usr/lib64/gcc/x86_64-pc-linux-gnu/4.6.1/../../../../lib64 -L/lib/../lib64 -L/usr/lib/../lib64 -L/usr/lib64/gcc/x86_64-pc-linux-gnu/4.6.1/../../../../x86_64-pc-linux-gnu/lib -L/usr/lib64/gcc/x86_64-pc-linux-gnu/4.6.1/../../.. CMakeFiles/cmTryCompileExec.dir/CMakeCXXCompilerABI.cpp.o -lstdc++ -lm -lgcc_s -lgcc -lc -lgcc_s -lgcc /usr/lib64/gcc/x86_64-pc-linux-gnu/4.6.1/crtend.o /usr/lib64/gcc/x86_64-pc-linux-gnu/4.6.1/../../../../lib64/crtn.o]
    arg [/usr/libexec/gcc/x86_64-pc-linux-gnu/4.6.1/collect2] ==> ignore
    arg [--eh-frame-hdr] ==> ignore
    arg [-m] ==> ignore
    arg [elf_x86_64] ==> ignore
    arg [-export-dynamic] ==> ignore
    arg [-dynamic-linker] ==> ignore
    arg [/lib64/ld-linux-x86-64.so.2] ==> ignore
    arg [-o] ==> ignore
    arg [cmTryCompileExec] ==> ignore
    arg [/usr/lib64/gcc/x86_64-pc-linux-gnu/4.6.1/../../../../lib64/crt1.o] ==> ignore
    arg [/usr/lib64/gcc/x86_64-pc-linux-gnu/4.6.1/../../../../lib64/crti.o] ==> ignore
    arg [/usr/lib64/gcc/x86_64-pc-linux-gnu/4.6.1/crtbegin.o] ==> ignore
    arg [-L/usr/lib64/gcc/x86_64-pc-linux-gnu/4.6.1] ==> dir [/usr/lib64/gcc/x86_64-pc-linux-gnu/4.6.1]
    arg [-L/usr/lib64/gcc/x86_64-pc-linux-gnu/4.6.1/../../../../lib64] ==> dir [/usr/lib64/gcc/x86_64-pc-linux-gnu/4.6.1/../../../../lib64]
    arg [-L/lib/../lib64] ==> dir [/lib/../lib64]
    arg [-L/usr/lib/../lib64] ==> dir [/usr/lib/../lib64]
    arg [-L/usr/lib64/gcc/x86_64-pc-linux-gnu/4.6.1/../../../../x86_64-pc-linux-gnu/lib] ==> dir [/usr/lib64/gcc/x86_64-pc-linux-gnu/4.6.1/../../../../x86_64-pc-linux-gnu/lib]
    arg [-L/usr/lib64/gcc/x86_64-pc-linux-gnu/4.6.1/../../..] ==> dir [/usr/lib64/gcc/x86_64-pc-linux-gnu/4.6.1/../../..]
    arg [CMakeFiles/cmTryCompileExec.dir/CMakeCXXCompilerABI.cpp.o] ==> ignore
    arg [-lstdc++] ==> lib [stdc++]
    arg [-lm] ==> lib [m]
    arg [-lgcc_s] ==> lib [gcc_s]
    arg [-lgcc] ==> lib [gcc]
    arg [-lc] ==> lib [c]
    arg [-lgcc_s] ==> lib [gcc_s]
    arg [-lgcc] ==> lib [gcc]
    arg [/usr/lib64/gcc/x86_64-pc-linux-gnu/4.6.1/crtend.o] ==> ignore
    arg [/usr/lib64/gcc/x86_64-pc-linux-gnu/4.6.1/../../../../lib64/crtn.o] ==> ignore
  remove lib [gcc_s]
  remove lib [gcc]
  remove lib [gcc_s]
  remove lib [gcc]
  collapse dir [/usr/lib64/gcc/x86_64-pc-linux-gnu/4.6.1] ==> [/usr/lib64/gcc/x86_64-pc-linux-gnu/4.6.1]
  collapse dir [/usr/lib64/gcc/x86_64-pc-linux-gnu/4.6.1/../../../../lib64] ==> [/usr/lib64]
  collapse dir [/lib/../lib64] ==> [/lib64]
  collapse dir [/usr/lib/../lib64] ==> [/usr/lib64]
  collapse dir [/usr/lib64/gcc/x86_64-pc-linux-gnu/4.6.1/../../../../x86_64-pc-linux-gnu/lib] ==> [/usr/x86_64-pc-linux-gnu/lib]
  collapse dir [/usr/lib64/gcc/x86_64-pc-linux-gnu/4.6.1/../../..] ==> [/usr/lib64]
  implicit libs: [stdc++;m;c]
  implicit dirs: [/usr/lib64/gcc/x86_64-pc-linux-gnu/4.6.1;/usr/lib64;/lib64;/usr/x86_64-pc-linux-gnu/lib]


Determining if the Q_WS_X11 exist passed with the following output:
Change Dir: /home/romain/Dev/akonadi/redmine/build/CMakeFiles/CMakeTmp

Run Build Command:/usr/bin/make "cmTryCompileExec/fast"
/usr/bin/make -f CMakeFiles/cmTryCompileExec.dir/build.make CMakeFiles/cmTryCompileExec.dir/build
make[1]: Entering directory `/home/romain/Dev/akonadi/redmine/build/CMakeFiles/CMakeTmp'
/usr/bin/cmake -E cmake_progress_report /home/romain/Dev/akonadi/redmine/build/CMakeFiles/CMakeTmp/CMakeFiles 1
Building C object CMakeFiles/cmTryCompileExec.dir/CheckSymbolExists.c.o
/usr/bin/gcc   -I/usr/include/qt4    -o CMakeFiles/cmTryCompileExec.dir/CheckSymbolExists.c.o   -c /home/romain/Dev/akonadi/redmine/build/CMakeFiles/CMakeTmp/CheckSymbolExists.c
Linking C executable cmTryCompileExec
/usr/bin/cmake -E cmake_link_script CMakeFiles/cmTryCompileExec.dir/link.txt --verbose=1
/usr/bin/gcc         CMakeFiles/cmTryCompileExec.dir/CheckSymbolExists.c.o  -o cmTryCompileExec -rdynamic 
make[1]: Leaving directory `/home/romain/Dev/akonadi/redmine/build/CMakeFiles/CMakeTmp'

File /home/romain/Dev/akonadi/redmine/build/CMakeFiles/CMakeTmp/CheckSymbolExists.c:
/* */
#include <QtCore/qglobal.h>

void cmakeRequireSymbol(int dummy,...){(void)dummy;}
int main()
{
#ifndef Q_WS_X11
  cmakeRequireSymbol(0,&Q_WS_X11);
#endif
  return 0;
}

Determining if the function XOpenDisplay exists in the /usr/lib64/libX11.so;/usr/lib64/libXext.so;/usr/lib64/libXft.so;/usr/lib64/libXau.so;/usr/lib64/libXdmcp.so;/usr/lib64/libXpm.so passed with the following output:
Change Dir: /home/romain/Dev/akonadi/redmine/build/CMakeFiles/CMakeTmp

Run Build Command:/usr/bin/make "cmTryCompileExec/fast"
/usr/bin/make -f CMakeFiles/cmTryCompileExec.dir/build.make CMakeFiles/cmTryCompileExec.dir/build
make[1]: Entering directory `/home/romain/Dev/akonadi/redmine/build/CMakeFiles/CMakeTmp'
/usr/bin/cmake -E cmake_progress_report /home/romain/Dev/akonadi/redmine/build/CMakeFiles/CMakeTmp/CMakeFiles 1
Building C object CMakeFiles/cmTryCompileExec.dir/CheckFunctionExists.c.o
/usr/bin/gcc   -DCHECK_FUNCTION_EXISTS=XOpenDisplay   -o CMakeFiles/cmTryCompileExec.dir/CheckFunctionExists.c.o   -c /usr/share/cmake/Modules/CheckFunctionExists.c
Linking C executable cmTryCompileExec
/usr/bin/cmake -E cmake_link_script CMakeFiles/cmTryCompileExec.dir/link.txt --verbose=1
/usr/bin/gcc     -DCHECK_FUNCTION_EXISTS=XOpenDisplay    CMakeFiles/cmTryCompileExec.dir/CheckFunctionExists.c.o  -o cmTryCompileExec -rdynamic -lX11 -lXext -lXft -lXau -lXdmcp -lXpm 
make[1]: Leaving directory `/home/romain/Dev/akonadi/redmine/build/CMakeFiles/CMakeTmp'


Determining if the function gethostbyname exists passed with the following output:
Change Dir: /home/romain/Dev/akonadi/redmine/build/CMakeFiles/CMakeTmp

Run Build Command:/usr/bin/make "cmTryCompileExec/fast"
/usr/bin/make -f CMakeFiles/cmTryCompileExec.dir/build.make CMakeFiles/cmTryCompileExec.dir/build
make[1]: Entering directory `/home/romain/Dev/akonadi/redmine/build/CMakeFiles/CMakeTmp'
/usr/bin/cmake -E cmake_progress_report /home/romain/Dev/akonadi/redmine/build/CMakeFiles/CMakeTmp/CMakeFiles 1
Building C object CMakeFiles/cmTryCompileExec.dir/CheckFunctionExists.c.o
/usr/bin/gcc   -DCHECK_FUNCTION_EXISTS=gethostbyname   -o CMakeFiles/cmTryCompileExec.dir/CheckFunctionExists.c.o   -c /usr/share/cmake/Modules/CheckFunctionExists.c
Linking C executable cmTryCompileExec
/usr/bin/cmake -E cmake_link_script CMakeFiles/cmTryCompileExec.dir/link.txt --verbose=1
/usr/bin/gcc     -DCHECK_FUNCTION_EXISTS=gethostbyname    CMakeFiles/cmTryCompileExec.dir/CheckFunctionExists.c.o  -o cmTryCompileExec -rdynamic 
make[1]: Leaving directory `/home/romain/Dev/akonadi/redmine/build/CMakeFiles/CMakeTmp'


Determining if the function connect exists passed with the following output:
Change Dir: /home/romain/Dev/akonadi/redmine/build/CMakeFiles/CMakeTmp

Run Build Command:/usr/bin/make "cmTryCompileExec/fast"
/usr/bin/make -f CMakeFiles/cmTryCompileExec.dir/build.make CMakeFiles/cmTryCompileExec.dir/build
make[1]: Entering directory `/home/romain/Dev/akonadi/redmine/build/CMakeFiles/CMakeTmp'
/usr/bin/cmake -E cmake_progress_report /home/romain/Dev/akonadi/redmine/build/CMakeFiles/CMakeTmp/CMakeFiles 1
Building C object CMakeFiles/cmTryCompileExec.dir/CheckFunctionExists.c.o
/usr/bin/gcc   -DCHECK_FUNCTION_EXISTS=connect   -o CMakeFiles/cmTryCompileExec.dir/CheckFunctionExists.c.o   -c /usr/share/cmake/Modules/CheckFunctionExists.c
Linking C executable cmTryCompileExec
/usr/bin/cmake -E cmake_link_script CMakeFiles/cmTryCompileExec.dir/link.txt --verbose=1
/usr/bin/gcc     -DCHECK_FUNCTION_EXISTS=connect    CMakeFiles/cmTryCompileExec.dir/CheckFunctionExists.c.o  -o cmTryCompileExec -rdynamic 
make[1]: Leaving directory `/home/romain/Dev/akonadi/redmine/build/CMakeFiles/CMakeTmp'


Determining if the function remove exists passed with the following output:
Change Dir: /home/romain/Dev/akonadi/redmine/build/CMakeFiles/CMakeTmp

Run Build Command:/usr/bin/make "cmTryCompileExec/fast"
/usr/bin/make -f CMakeFiles/cmTryCompileExec.dir/build.make CMakeFiles/cmTryCompileExec.dir/build
make[1]: Entering directory `/home/romain/Dev/akonadi/redmine/build/CMakeFiles/CMakeTmp'
/usr/bin/cmake -E cmake_progress_report /home/romain/Dev/akonadi/redmine/build/CMakeFiles/CMakeTmp/CMakeFiles 1
Building C object CMakeFiles/cmTryCompileExec.dir/CheckFunctionExists.c.o
/usr/bin/gcc   -DCHECK_FUNCTION_EXISTS=remove   -o CMakeFiles/cmTryCompileExec.dir/CheckFunctionExists.c.o   -c /usr/share/cmake/Modules/CheckFunctionExists.c
Linking C executable cmTryCompileExec
/usr/bin/cmake -E cmake_link_script CMakeFiles/cmTryCompileExec.dir/link.txt --verbose=1
/usr/bin/gcc     -DCHECK_FUNCTION_EXISTS=remove    CMakeFiles/cmTryCompileExec.dir/CheckFunctionExists.c.o  -o cmTryCompileExec -rdynamic 
make[1]: Leaving directory `/home/romain/Dev/akonadi/redmine/build/CMakeFiles/CMakeTmp'


Determining if the function shmat exists passed with the following output:
Change Dir: /home/romain/Dev/akonadi/redmine/build/CMakeFiles/CMakeTmp

Run Build Command:/usr/bin/make "cmTryCompileExec/fast"
/usr/bin/make -f CMakeFiles/cmTryCompileExec.dir/build.make CMakeFiles/cmTryCompileExec.dir/build
make[1]: Entering directory `/home/romain/Dev/akonadi/redmine/build/CMakeFiles/CMakeTmp'
/usr/bin/cmake -E cmake_progress_report /home/romain/Dev/akonadi/redmine/build/CMakeFiles/CMakeTmp/CMakeFiles 1
Building C object CMakeFiles/cmTryCompileExec.dir/CheckFunctionExists.c.o
/usr/bin/gcc   -DCHECK_FUNCTION_EXISTS=shmat   -o CMakeFiles/cmTryCompileExec.dir/CheckFunctionExists.c.o   -c /usr/share/cmake/Modules/CheckFunctionExists.c
Linking C executable cmTryCompileExec
/usr/bin/cmake -E cmake_link_script CMakeFiles/cmTryCompileExec.dir/link.txt --verbose=1
/usr/bin/gcc     -DCHECK_FUNCTION_EXISTS=shmat    CMakeFiles/cmTryCompileExec.dir/CheckFunctionExists.c.o  -o cmTryCompileExec -rdynamic 
make[1]: Leaving directory `/home/romain/Dev/akonadi/redmine/build/CMakeFiles/CMakeTmp'


Determining if the function IceConnectionNumber exists in the ICE passed with the following output:
Change Dir: /home/romain/Dev/akonadi/redmine/build/CMakeFiles/CMakeTmp

Run Build Command:/usr/bin/make "cmTryCompileExec/fast"
/usr/bin/make -f CMakeFiles/cmTryCompileExec.dir/build.make CMakeFiles/cmTryCompileExec.dir/build
make[1]: Entering directory `/home/romain/Dev/akonadi/redmine/build/CMakeFiles/CMakeTmp'
/usr/bin/cmake -E cmake_progress_report /home/romain/Dev/akonadi/redmine/build/CMakeFiles/CMakeTmp/CMakeFiles 1
Building C object CMakeFiles/cmTryCompileExec.dir/CheckFunctionExists.c.o
/usr/bin/gcc   -DCHECK_FUNCTION_EXISTS=IceConnectionNumber   -o CMakeFiles/cmTryCompileExec.dir/CheckFunctionExists.c.o   -c /usr/share/cmake/Modules/CheckFunctionExists.c
Linking C executable cmTryCompileExec
/usr/bin/cmake -E cmake_link_script CMakeFiles/cmTryCompileExec.dir/link.txt --verbose=1
/usr/bin/gcc     -DCHECK_FUNCTION_EXISTS=IceConnectionNumber    CMakeFiles/cmTryCompileExec.dir/CheckFunctionExists.c.o  -o cmTryCompileExec -rdynamic -lICE 
make[1]: Leaving directory `/home/romain/Dev/akonadi/redmine/build/CMakeFiles/CMakeTmp'


Determining if files pthread.h exist passed with the following output:
Change Dir: /home/romain/Dev/akonadi/redmine/build/CMakeFiles/CMakeTmp

Run Build Command:/usr/bin/make "cmTryCompileExec/fast"
/usr/bin/make -f CMakeFiles/cmTryCompileExec.dir/build.make CMakeFiles/cmTryCompileExec.dir/build
make[1]: Entering directory `/home/romain/Dev/akonadi/redmine/build/CMakeFiles/CMakeTmp'
/usr/bin/cmake -E cmake_progress_report /home/romain/Dev/akonadi/redmine/build/CMakeFiles/CMakeTmp/CMakeFiles 1
Building C object CMakeFiles/cmTryCompileExec.dir/CheckIncludeFiles.c.o
/usr/bin/gcc    -o CMakeFiles/cmTryCompileExec.dir/CheckIncludeFiles.c.o   -c /home/romain/Dev/akonadi/redmine/build/CMakeFiles/CMakeTmp/CheckIncludeFiles.c
Linking C executable cmTryCompileExec
/usr/bin/cmake -E cmake_link_script CMakeFiles/cmTryCompileExec.dir/link.txt --verbose=1
/usr/bin/gcc         CMakeFiles/cmTryCompileExec.dir/CheckIncludeFiles.c.o  -o cmTryCompileExec -rdynamic 
make[1]: Leaving directory `/home/romain/Dev/akonadi/redmine/build/CMakeFiles/CMakeTmp'


Determining if the function pthread_create exists in the pthread passed with the following output:
Change Dir: /home/romain/Dev/akonadi/redmine/build/CMakeFiles/CMakeTmp

Run Build Command:/usr/bin/make "cmTryCompileExec/fast"
/usr/bin/make -f CMakeFiles/cmTryCompileExec.dir/build.make CMakeFiles/cmTryCompileExec.dir/build
make[1]: Entering directory `/home/romain/Dev/akonadi/redmine/build/CMakeFiles/CMakeTmp'
/usr/bin/cmake -E cmake_progress_report /home/romain/Dev/akonadi/redmine/build/CMakeFiles/CMakeTmp/CMakeFiles 1
Building C object CMakeFiles/cmTryCompileExec.dir/CheckFunctionExists.c.o
/usr/bin/gcc   -DCHECK_FUNCTION_EXISTS=pthread_create   -o CMakeFiles/cmTryCompileExec.dir/CheckFunctionExists.c.o   -c /usr/share/cmake/Modules/CheckFunctionExists.c
Linking C executable cmTryCompileExec
/usr/bin/cmake -E cmake_link_script CMakeFiles/cmTryCompileExec.dir/link.txt --verbose=1
/usr/bin/gcc     -DCHECK_FUNCTION_EXISTS=pthread_create    CMakeFiles/cmTryCompileExec.dir/CheckFunctionExists.c.o  -o cmTryCompileExec -rdynamic -lpthread 
make[1]: Leaving directory `/home/romain/Dev/akonadi/redmine/build/CMakeFiles/CMakeTmp'


Determining if the _POSIX_TIMERS exist passed with the following output:
Change Dir: /home/romain/Dev/akonadi/redmine/build/CMakeFiles/CMakeTmp

Run Build Command:/usr/bin/make "cmTryCompileExec/fast"
/usr/bin/make -f CMakeFiles/cmTryCompileExec.dir/build.make CMakeFiles/cmTryCompileExec.dir/build
make[1]: Entering directory `/home/romain/Dev/akonadi/redmine/build/CMakeFiles/CMakeTmp'
/usr/bin/cmake -E cmake_progress_report /home/romain/Dev/akonadi/redmine/build/CMakeFiles/CMakeTmp/CMakeFiles 1
Building C object CMakeFiles/cmTryCompileExec.dir/CheckSymbolExists.c.o
/usr/bin/gcc    -o CMakeFiles/cmTryCompileExec.dir/CheckSymbolExists.c.o   -c /home/romain/Dev/akonadi/redmine/build/CMakeFiles/CMakeTmp/CheckSymbolExists.c
Linking C executable cmTryCompileExec
/usr/bin/cmake -E cmake_link_script CMakeFiles/cmTryCompileExec.dir/link.txt --verbose=1
/usr/bin/gcc         CMakeFiles/cmTryCompileExec.dir/CheckSymbolExists.c.o  -o cmTryCompileExec -rdynamic -lrt 
make[1]: Leaving directory `/home/romain/Dev/akonadi/redmine/build/CMakeFiles/CMakeTmp'

File /home/romain/Dev/akonadi/redmine/build/CMakeFiles/CMakeTmp/CheckSymbolExists.c:
/* */
#include <unistd.h>
#include <time.h>

void cmakeRequireSymbol(int dummy,...){(void)dummy;}
int main()
{
#ifndef _POSIX_TIMERS
  cmakeRequireSymbol(0,&_POSIX_TIMERS);
#endif
  return 0;
}

Performing C++ SOURCE FILE Test _OFFT_IS_64BIT succeded with the following output:
Change Dir: /home/romain/Dev/akonadi/redmine/build/CMakeFiles/CMakeTmp

Run Build Command:/usr/bin/make "cmTryCompileExec/fast"
/usr/bin/make -f CMakeFiles/cmTryCompileExec.dir/build.make CMakeFiles/cmTryCompileExec.dir/build
make[1]: Entering directory `/home/romain/Dev/akonadi/redmine/build/CMakeFiles/CMakeTmp'
/usr/bin/cmake -E cmake_progress_report /home/romain/Dev/akonadi/redmine/build/CMakeFiles/CMakeTmp/CMakeFiles 1
Building CXX object CMakeFiles/cmTryCompileExec.dir/src.cxx.o
/usr/bin/c++    -D_OFFT_IS_64BIT   -o CMakeFiles/cmTryCompileExec.dir/src.cxx.o -c /home/romain/Dev/akonadi/redmine/build/CMakeFiles/CMakeTmp/src.cxx
Linking CXX executable cmTryCompileExec
/usr/bin/cmake -E cmake_link_script CMakeFiles/cmTryCompileExec.dir/link.txt --verbose=1
/usr/bin/c++      -D_OFFT_IS_64BIT    CMakeFiles/cmTryCompileExec.dir/src.cxx.o  -o cmTryCompileExec -rdynamic 
make[1]: Leaving directory `/home/romain/Dev/akonadi/redmine/build/CMakeFiles/CMakeTmp'

Source file was:

#include <sys/types.h>
 /* Check that off_t can represent 2**63 - 1 correctly.
    We can't simply define LARGE_OFF_T to be 9223372036854775807,
    since some C++ compilers masquerading as C compilers
    incorrectly reject 9223372036854775807.  */
#define LARGE_OFF_T (((off_t) 1 << 62) - 1 + ((off_t) 1 << 62))

  int off_t_is_large[(LARGE_OFF_T % 2147483629 == 721 && LARGE_OFF_T % 2147483647 == 1) ? 1 : -1];
  int main() { return 0; }

Performing C++ SOURCE FILE Test HAVE_FPIE_SUPPORT succeded with the following output:
Change Dir: /home/romain/Dev/akonadi/redmine/build/CMakeFiles/CMakeTmp

Run Build Command:/usr/bin/make "cmTryCompileExec/fast"
/usr/bin/make -f CMakeFiles/cmTryCompileExec.dir/build.make CMakeFiles/cmTryCompileExec.dir/build
make[1]: Entering directory `/home/romain/Dev/akonadi/redmine/build/CMakeFiles/CMakeTmp'
/usr/bin/cmake -E cmake_progress_report /home/romain/Dev/akonadi/redmine/build/CMakeFiles/CMakeTmp/CMakeFiles 1
Building CXX object CMakeFiles/cmTryCompileExec.dir/src.cxx.o
/usr/bin/c++    -Wnon-virtual-dtor -Wno-long-long -ansi -Wundef -Wcast-align -Wchar-subscripts -Wall -W -Wpointer-arith -Wformat-security -fno-exceptions -DQT_NO_EXCEPTIONS -fno-check-new -fno-common -Werror=return-type  -DHAVE_FPIE_SUPPORT   -fPIE -o CMakeFiles/cmTryCompileExec.dir/src.cxx.o -c /home/romain/Dev/akonadi/redmine/build/CMakeFiles/CMakeTmp/src.cxx
Linking CXX executable cmTryCompileExec
/usr/bin/cmake -E cmake_link_script CMakeFiles/cmTryCompileExec.dir/link.txt --verbose=1
/usr/bin/c++     -Wnon-virtual-dtor -Wno-long-long -ansi -Wundef -Wcast-align -Wchar-subscripts -Wall -W -Wpointer-arith -Wformat-security -fno-exceptions -DQT_NO_EXCEPTIONS -fno-check-new -fno-common -Werror=return-type  -DHAVE_FPIE_SUPPORT    CMakeFiles/cmTryCompileExec.dir/src.cxx.o  -o cmTryCompileExec -rdynamic 
make[1]: Leaving directory `/home/romain/Dev/akonadi/redmine/build/CMakeFiles/CMakeTmp'

Source file was:
int main() { return 0;}
Performing C++ SOURCE FILE Test __KDE_HAVE_W_OVERLOADED_VIRTUAL succeded with the following output:
Change Dir: /home/romain/Dev/akonadi/redmine/build/CMakeFiles/CMakeTmp

Run Build Command:/usr/bin/make "cmTryCompileExec/fast"
/usr/bin/make -f CMakeFiles/cmTryCompileExec.dir/build.make CMakeFiles/cmTryCompileExec.dir/build
make[1]: Entering directory `/home/romain/Dev/akonadi/redmine/build/CMakeFiles/CMakeTmp'
/usr/bin/cmake -E cmake_progress_report /home/romain/Dev/akonadi/redmine/build/CMakeFiles/CMakeTmp/CMakeFiles 1
Building CXX object CMakeFiles/cmTryCompileExec.dir/src.cxx.o
/usr/bin/c++    -Wnon-virtual-dtor -Wno-long-long -ansi -Wundef -Wcast-align -Wchar-subscripts -Wall -W -Wpointer-arith -Wformat-security -fno-exceptions -DQT_NO_EXCEPTIONS -fno-check-new -fno-common -Werror=return-type  -D__KDE_HAVE_W_OVERLOADED_VIRTUAL   -Woverloaded-virtual -o CMakeFiles/cmTryCompileExec.dir/src.cxx.o -c /home/romain/Dev/akonadi/redmine/build/CMakeFiles/CMakeTmp/src.cxx
Linking CXX executable cmTryCompileExec
/usr/bin/cmake -E cmake_link_script CMakeFiles/cmTryCompileExec.dir/link.txt --verbose=1
/usr/bin/c++     -Wnon-virtual-dtor -Wno-long-long -ansi -Wundef -Wcast-align -Wchar-subscripts -Wall -W -Wpointer-arith -Wformat-security -fno-exceptions -DQT_NO_EXCEPTIONS -fno-check-new -fno-common -Werror=return-type  -D__KDE_HAVE_W_OVERLOADED_VIRTUAL    CMakeFiles/cmTryCompileExec.dir/src.cxx.o  -o cmTryCompileExec -rdynamic 
make[1]: Leaving directory `/home/romain/Dev/akonadi/redmine/build/CMakeFiles/CMakeTmp'

Source file was:
int main() { return 0;}
Performing C++ SOURCE FILE Test __KDE_HAVE_GCC_VISIBILITY succeded with the following output:
Change Dir: /home/romain/Dev/akonadi/redmine/build/CMakeFiles/CMakeTmp

Run Build Command:/usr/bin/make "cmTryCompileExec/fast"
/usr/bin/make -f CMakeFiles/cmTryCompileExec.dir/build.make CMakeFiles/cmTryCompileExec.dir/build
make[1]: Entering directory `/home/romain/Dev/akonadi/redmine/build/CMakeFiles/CMakeTmp'
/usr/bin/cmake -E cmake_progress_report /home/romain/Dev/akonadi/redmine/build/CMakeFiles/CMakeTmp/CMakeFiles 1
Building CXX object CMakeFiles/cmTryCompileExec.dir/src.cxx.o
/usr/bin/c++    -Wnon-virtual-dtor -Wno-long-long -ansi -Wundef -Wcast-align -Wchar-subscripts -Wall -W -Wpointer-arith -Wformat-security -fno-exceptions -DQT_NO_EXCEPTIONS -fno-check-new -fno-common -Werror=return-type -Woverloaded-virtual  -D__KDE_HAVE_GCC_VISIBILITY   -fvisibility=hidden -o CMakeFiles/cmTryCompileExec.dir/src.cxx.o -c /home/romain/Dev/akonadi/redmine/build/CMakeFiles/CMakeTmp/src.cxx
Linking CXX executable cmTryCompileExec
/usr/bin/cmake -E cmake_link_script CMakeFiles/cmTryCompileExec.dir/link.txt --verbose=1
/usr/bin/c++     -Wnon-virtual-dtor -Wno-long-long -ansi -Wundef -Wcast-align -Wchar-subscripts -Wall -W -Wpointer-arith -Wformat-security -fno-exceptions -DQT_NO_EXCEPTIONS -fno-check-new -fno-common -Werror=return-type -Woverloaded-virtual  -D__KDE_HAVE_GCC_VISIBILITY    CMakeFiles/cmTryCompileExec.dir/src.cxx.o  -o cmTryCompileExec -rdynamic 
make[1]: Leaving directory `/home/romain/Dev/akonadi/redmine/build/CMakeFiles/CMakeTmp'

Source file was:
int main() { return 0;}
